2018/12/03 11:27:27 INFO  - jmeter.util.JMeterUtils: Setting Locale to en_US 
2018/12/03 11:27:27 INFO  - jmeter.JMeter: Loading user properties from: /usr/share/jmeter/bin/user.properties 
2018/12/03 11:27:27 INFO  - jmeter.JMeter: Loading system properties from: /usr/share/jmeter/bin/system.properties 
2018/12/03 11:27:27 INFO  - jmeter.JMeter: Copyright (c) 1998-2015 The Apache Software Foundation 
2018/12/03 11:27:27 INFO  - jmeter.JMeter: Version 2.13.20170723 
2018/12/03 11:27:27 INFO  - jmeter.JMeter: java.version=10.0.2 
2018/12/03 11:27:27 INFO  - jmeter.JMeter: java.vm.name=OpenJDK 64-Bit Server VM 
2018/12/03 11:27:27 INFO  - jmeter.JMeter: os.name=Linux 
2018/12/03 11:27:27 INFO  - jmeter.JMeter: os.arch=amd64 
2018/12/03 11:27:27 INFO  - jmeter.JMeter: os.version=4.15.0-39-generic 
2018/12/03 11:27:27 INFO  - jmeter.JMeter: file.encoding=UTF-8 
2018/12/03 11:27:27 INFO  - jmeter.JMeter: Default Locale=English (United States) 
2018/12/03 11:27:27 INFO  - jmeter.JMeter: JMeter  Locale=English (United States) 
2018/12/03 11:27:27 INFO  - jmeter.JMeter: JMeterHome=/usr/share/jmeter 
2018/12/03 11:27:27 INFO  - jmeter.JMeter: user.dir  =/home/bert/workspace/learning/php/mastering_php_7 
2018/12/03 11:27:27 INFO  - jmeter.JMeter: PWD       =/home/bert/workspace/learning/php/mastering_php_7 
2018/12/03 11:27:27 INFO  - jmeter.JMeter: IP: 127.0.1.1 Name: bert-XPS13-9333 FullName: bert-XPS13-9333 
2018/12/03 11:27:27 INFO  - jmeter.services.FileServer: Default base='/home/bert/workspace/learning/php/mastering_php_7' 
2018/12/03 11:27:27 INFO  - jmeter.services.FileServer: Set new base='/home/bert' 
2018/12/03 11:27:27 INFO  - jmeter.save.SaveService: Testplan (JMX) version: 2.2. Testlog (JTL) version: 2.2 
2018/12/03 11:27:27 INFO  - jmeter.save.SaveService: Using SaveService properties version 2.8 
2018/12/03 11:27:27 INFO  - jmeter.save.SaveService: Using SaveService properties file version 1656252 
2018/12/03 11:27:27 INFO  - jmeter.save.SaveService: Using SaveService properties file encoding UTF-8 
2018/12/03 11:27:27 INFO  - jmeter.save.SaveService: All converter versions present and correct 
2018/12/03 11:27:27 INFO  - jmeter.save.SaveService: Loading file: /home/bert/TEST_JMeter Users.jmx 
2018/12/03 11:27:27 INFO  - jmeter.protocol.http.sampler.HTTPSamplerBase: Cannot find .className property for htmlParser, using default 
2018/12/03 11:27:27 INFO  - jmeter.protocol.http.sampler.HTTPSamplerBase: Parser for text/html is  
2018/12/03 11:27:27 INFO  - jmeter.protocol.http.sampler.HTTPSamplerBase: Parser for application/xhtml+xml is  
2018/12/03 11:27:27 INFO  - jmeter.protocol.http.sampler.HTTPSamplerBase: Parser for application/xml is  
2018/12/03 11:27:27 INFO  - jmeter.protocol.http.sampler.HTTPSamplerBase: Parser for text/xml is  
2018/12/03 11:27:27 INFO  - jmeter.protocol.http.sampler.HTTPSamplerBase: Parser for text/vnd.wap.wml is org.apache.jmeter.protocol.http.parser.RegexpHTMLParser 
2018/12/03 11:27:27 INFO  - jmeter.JMeter: Creating summariser <summary> 
2018/12/03 11:27:27 INFO  - jmeter.engine.StandardJMeterEngine: Listeners will be started after enabling running version 
2018/12/03 11:27:27 INFO  - jmeter.engine.StandardJMeterEngine: To revert to the earlier behaviour, define jmeterengine.startlistenerslater=false 
2018/12/03 11:27:27 INFO  - jmeter.engine.StandardJMeterEngine: Running the test! 
2018/12/03 11:27:27 INFO  - jmeter.samplers.SampleEvent: List of sample_variables: [] 
2018/12/03 11:27:27 INFO  - jmeter.samplers.SampleEvent: List of sample_variables: [] 
2018/12/03 11:27:27 INFO  - jmeter.engine.util.CompoundVariable: Note: Function class names must contain the string: '.functions.' 
2018/12/03 11:27:27 INFO  - jmeter.engine.util.CompoundVariable: Note: Function class names must not contain the string: '.gui.' 
2018/12/03 11:27:28 INFO  - jmeter.JMeter: Running test (1543832848048) 
2018/12/03 11:27:28 INFO  - jmeter.engine.StandardJMeterEngine: Starting ThreadGroup: 1 : JMeter Users 
2018/12/03 11:27:28 INFO  - jmeter.engine.StandardJMeterEngine: Starting 5 threads for group JMeter Users. 
2018/12/03 11:27:28 INFO  - jmeter.engine.StandardJMeterEngine: Thread will continue on error 
2018/12/03 11:27:28 INFO  - jmeter.threads.ThreadGroup: Starting thread group number 1 threads 5 ramp-up 5 perThread 1000.0 delayedStart=false 
2018/12/03 11:27:28 INFO  - jmeter.threads.JMeterThread: jmeterthread.startearlier=true (see jmeter.properties) 
2018/12/03 11:27:28 INFO  - jmeter.threads.JMeterThread: Running PostProcessors in forward order 
2018/12/03 11:27:28 INFO  - jmeter.threads.ThreadGroup: Started thread group number 1 
2018/12/03 11:27:28 INFO  - jmeter.engine.StandardJMeterEngine: All thread groups have been started 
2018/12/03 11:27:28 INFO  - jmeter.threads.JMeterThread: Thread started: JMeter Users 1-1 
2018/12/03 11:27:28 INFO  - jmeter.protocol.http.sampler.HTTPHCAbstractImpl: Local host = bert-XPS13-9333 
2018/12/03 11:27:28 INFO  - jmeter.protocol.http.sampler.HTTPHC4Impl: HTTP request retry count = 0 
2018/12/03 11:27:28 INFO  - jmeter.protocol.http.sampler.HTTPHC4Impl: Setting up HTTPS TrustAll scheme 
2018/12/03 11:27:28 INFO  - jmeter.util.JsseSSLManager: Using default SSL protocol: TLS 
2018/12/03 11:27:28 INFO  - jmeter.util.JsseSSLManager: SSL session context: per-thread 
2018/12/03 11:27:28 INFO  - jmeter.samplers.SampleResult: Note: Sample TimeStamps are START times 
2018/12/03 11:27:28 INFO  - jmeter.samplers.SampleResult: sampleresult.default.encoding is set to ISO-8859-1 
2018/12/03 11:27:28 INFO  - jmeter.samplers.SampleResult: sampleresult.useNanoTime=true 
2018/12/03 11:27:28 INFO  - jmeter.samplers.SampleResult: sampleresult.nanoThreadSleep=5000 
2018/12/03 11:27:29 INFO  - jmeter.threads.JMeterThread: Thread started: JMeter Users 1-2 
2018/12/03 11:27:29 INFO  - jmeter.threads.JMeterThread: Thread is done: JMeter Users 1-1 
2018/12/03 11:27:29 INFO  - jmeter.threads.JMeterThread: Thread finished: JMeter Users 1-1 
2018/12/03 11:27:29 INFO  - jmeter.threads.JMeterThread: Thread is done: JMeter Users 1-2 
2018/12/03 11:27:29 INFO  - jmeter.threads.JMeterThread: Thread finished: JMeter Users 1-2 
2018/12/03 11:27:30 INFO  - jmeter.threads.JMeterThread: Thread started: JMeter Users 1-3 
2018/12/03 11:27:30 INFO  - jmeter.reporters.Summariser: summary +      9 in   2.2s =    4.0/s Avg:   173 Min:    99 Max:   287 Err:     0 (0.00%) Active: 1 Started: 3 Finished: 2 
2018/12/03 11:27:30 INFO  - jmeter.threads.JMeterThread: Thread is done: JMeter Users 1-3 
2018/12/03 11:27:30 INFO  - jmeter.threads.JMeterThread: Thread finished: JMeter Users 1-3 
2018/12/03 11:27:31 INFO  - jmeter.threads.JMeterThread: Thread started: JMeter Users 1-4 
2018/12/03 11:27:31 INFO  - jmeter.threads.JMeterThread: Thread is done: JMeter Users 1-4 
2018/12/03 11:27:31 INFO  - jmeter.threads.JMeterThread: Thread finished: JMeter Users 1-4 
2018/12/03 11:27:32 INFO  - jmeter.threads.JMeterThread: Thread started: JMeter Users 1-5 
2018/12/03 11:27:32 INFO  - jmeter.threads.JMeterThread: Thread is done: JMeter Users 1-5 
2018/12/03 11:27:32 INFO  - jmeter.threads.JMeterThread: Thread finished: JMeter Users 1-5 
2018/12/03 11:27:32 INFO  - jmeter.engine.StandardJMeterEngine: Notifying test listeners of end of test 
2018/12/03 11:27:32 INFO  - jmeter.reporters.Summariser: summary +     11 in     3s =    4.3/s Avg:   169 Min:   100 Max:   320 Err:     0 (0.00%) Active: 0 Started: 5 Finished: 5 
2018/12/03 11:27:32 INFO  - jmeter.reporters.Summariser: summary =     20 in     5s =    4.2/s Avg:   171 Min:    99 Max:   320 Err:     0 (0.00%) 
